2014/09/03 14:55:46 [error] [exception.CException] exception 'CException' with message 'Property "CWebApplication.bootstrap" is not defined.' in C:\UniServerZ\www\proyecto\yii\framework\base\CComponent.php:130
Stack trace:
#0 C:\UniServerZ\www\proyecto\yii\framework\base\CModule.php(105): CComponent->__get('bootstrap')
#1 C:\UniServerZ\www\proyecto\protected\views\layouts\main.php(19): CModule->__get('bootstrap')
#2 C:\UniServerZ\www\proyecto\yii\framework\web\CBaseController.php(126): require('C:\\UniServerZ\\w...')
#3 C:\UniServerZ\www\proyecto\yii\framework\web\CBaseController.php(95): CBaseController->renderInternal('C:\\UniServerZ\\w...', Array, true)
#4 C:\UniServerZ\www\proyecto\yii\framework\web\widgets\CContentDecorator.php(76): CBaseController->renderFile('C:\\UniServerZ\\w...', Array, true)
#5 C:\UniServerZ\www\proyecto\yii\framework\web\widgets\CContentDecorator.php(54): CContentDecorator->decorate('<div id="conten...')
#6 C:\UniServerZ\www\proyecto\yii\framework\web\widgets\COutputProcessor.php(44): CContentDecorator->processOutput('<div id="conten...')
#7 C:\UniServerZ\www\proyecto\yii\framework\web\CBaseController.php(206): COutputProcessor->run()
#8 C:\UniServerZ\www\proyecto\yii\framework\web\CBaseController.php(300): CBaseController->endWidget('CContentDecorat...')
#9 C:\UniServerZ\www\proyecto\protected\views\layouts\column1.php(6): CBaseController->endContent()
#10 C:\UniServerZ\www\proyecto\yii\framework\web\CBaseController.php(126): require('C:\\UniServerZ\\w...')
#11 C:\UniServerZ\www\proyecto\yii\framework\web\CBaseController.php(95): CBaseController->renderInternal('C:\\UniServerZ\\w...', Array, true)
#12 C:\UniServerZ\www\proyecto\yii\framework\web\CController.php(784): CBaseController->renderFile('C:\\UniServerZ\\w...', Array, true)
#13 C:\UniServerZ\www\proyecto\protected\controllers\SiteController.php(32): CController->render('index')
#14 C:\UniServerZ\www\proyecto\yii\framework\web\actions\CInlineAction.php(49): SiteController->actionIndex()
#15 C:\UniServerZ\www\proyecto\yii\framework\web\CController.php(308): CInlineAction->runWithParams(Array)
#16 C:\UniServerZ\www\proyecto\yii\framework\web\CController.php(286): CController->runAction(Object(CInlineAction))
#17 C:\UniServerZ\www\proyecto\yii\framework\web\CController.php(265): CController->runActionWithFilters(Object(CInlineAction), Array)
#18 C:\UniServerZ\www\proyecto\yii\framework\web\CWebApplication.php(282): CController->run('')
#19 C:\UniServerZ\www\proyecto\yii\framework\web\CWebApplication.php(141): CWebApplication->runController('')
#20 C:\UniServerZ\www\proyecto\yii\framework\base\CApplication.php(180): CWebApplication->processRequest()
#21 C:\UniServerZ\www\proyecto\index.php(13): CApplication->run()
#22 {main}
REQUEST_URI=/proyecto/
---
2014/09/03 14:58:54 [error] [exception.CException] exception 'CException' with message 'Property "CWebApplication.bootstrap" is not defined.' in C:\UniServerZ\www\proyecto\yii\framework\base\CComponent.php:130
Stack trace:
#0 C:\UniServerZ\www\proyecto\yii\framework\base\CModule.php(105): CComponent->__get('bootstrap')
#1 C:\UniServerZ\www\proyecto\protected\views\layouts\main.php(19): CModule->__get('bootstrap')
#2 C:\UniServerZ\www\proyecto\yii\framework\web\CBaseController.php(126): require('C:\\UniServerZ\\w...')
#3 C:\UniServerZ\www\proyecto\yii\framework\web\CBaseController.php(95): CBaseController->renderInternal('C:\\UniServerZ\\w...', Array, true)
#4 C:\UniServerZ\www\proyecto\yii\framework\web\widgets\CContentDecorator.php(76): CBaseController->renderFile('C:\\UniServerZ\\w...', Array, true)
#5 C:\UniServerZ\www\proyecto\yii\framework\web\widgets\CContentDecorator.php(54): CContentDecorator->decorate('<div id="conten...')
#6 C:\UniServerZ\www\proyecto\yii\framework\web\widgets\COutputProcessor.php(44): CContentDecorator->processOutput('<div id="conten...')
#7 C:\UniServerZ\www\proyecto\yii\framework\web\CBaseController.php(206): COutputProcessor->run()
#8 C:\UniServerZ\www\proyecto\yii\framework\web\CBaseController.php(300): CBaseController->endWidget('CContentDecorat...')
#9 C:\UniServerZ\www\proyecto\protected\views\layouts\column1.php(6): CBaseController->endContent()
#10 C:\UniServerZ\www\proyecto\yii\framework\web\CBaseController.php(126): require('C:\\UniServerZ\\w...')
#11 C:\UniServerZ\www\proyecto\yii\framework\web\CBaseController.php(95): CBaseController->renderInternal('C:\\UniServerZ\\w...', Array, true)
#12 C:\UniServerZ\www\proyecto\yii\framework\web\CController.php(784): CBaseController->renderFile('C:\\UniServerZ\\w...', Array, true)
#13 C:\UniServerZ\www\proyecto\protected\controllers\SiteController.php(32): CController->render('index')
#14 C:\UniServerZ\www\proyecto\yii\framework\web\actions\CInlineAction.php(49): SiteController->actionIndex()
#15 C:\UniServerZ\www\proyecto\yii\framework\web\CController.php(308): CInlineAction->runWithParams(Array)
#16 C:\UniServerZ\www\proyecto\yii\framework\web\CController.php(286): CController->runAction(Object(CInlineAction))
#17 C:\UniServerZ\www\proyecto\yii\framework\web\CController.php(265): CController->runActionWithFilters(Object(CInlineAction), Array)
#18 C:\UniServerZ\www\proyecto\yii\framework\web\CWebApplication.php(282): CController->run('')
#19 C:\UniServerZ\www\proyecto\yii\framework\web\CWebApplication.php(141): CWebApplication->runController('')
#20 C:\UniServerZ\www\proyecto\yii\framework\base\CApplication.php(180): CWebApplication->processRequest()
#21 C:\UniServerZ\www\proyecto\index.php(13): CApplication->run()
#22 {main}
REQUEST_URI=/proyecto/
---
2014/09/03 15:05:47 [error] [exception.CException] exception 'CException' with message 'Property "CWebApplication.bootstrap" is not defined.' in C:\UniServerZ\www\proyecto\yii\framework\base\CComponent.php:130
Stack trace:
#0 C:\UniServerZ\www\proyecto\yii\framework\base\CModule.php(105): CComponent->__get('bootstrap')
#1 C:\UniServerZ\www\proyecto\protected\views\layouts\main.php(19): CModule->__get('bootstrap')
#2 C:\UniServerZ\www\proyecto\yii\framework\web\CBaseController.php(126): require('C:\\UniServerZ\\w...')
#3 C:\UniServerZ\www\proyecto\yii\framework\web\CBaseController.php(95): CBaseController->renderInternal('C:\\UniServerZ\\w...', Array, true)
#4 C:\UniServerZ\www\proyecto\yii\framework\web\widgets\CContentDecorator.php(76): CBaseController->renderFile('C:\\UniServerZ\\w...', Array, true)
#5 C:\UniServerZ\www\proyecto\yii\framework\web\widgets\CContentDecorator.php(54): CContentDecorator->decorate('<div id="conten...')
#6 C:\UniServerZ\www\proyecto\yii\framework\web\widgets\COutputProcessor.php(44): CContentDecorator->processOutput('<div id="conten...')
#7 C:\UniServerZ\www\proyecto\yii\framework\web\CBaseController.php(206): COutputProcessor->run()
#8 C:\UniServerZ\www\proyecto\yii\framework\web\CBaseController.php(300): CBaseController->endWidget('CContentDecorat...')
#9 C:\UniServerZ\www\proyecto\protected\views\layouts\column1.php(6): CBaseController->endContent()
#10 C:\UniServerZ\www\proyecto\yii\framework\web\CBaseController.php(126): require('C:\\UniServerZ\\w...')
#11 C:\UniServerZ\www\proyecto\yii\framework\web\CBaseController.php(95): CBaseController->renderInternal('C:\\UniServerZ\\w...', Array, true)
#12 C:\UniServerZ\www\proyecto\yii\framework\web\CController.php(784): CBaseController->renderFile('C:\\UniServerZ\\w...', Array, true)
#13 C:\UniServerZ\www\proyecto\protected\controllers\SiteController.php(32): CController->render('index')
#14 C:\UniServerZ\www\proyecto\yii\framework\web\actions\CInlineAction.php(49): SiteController->actionIndex()
#15 C:\UniServerZ\www\proyecto\yii\framework\web\CController.php(308): CInlineAction->runWithParams(Array)
#16 C:\UniServerZ\www\proyecto\yii\framework\web\CController.php(286): CController->runAction(Object(CInlineAction))
#17 C:\UniServerZ\www\proyecto\yii\framework\web\CController.php(265): CController->runActionWithFilters(Object(CInlineAction), Array)
#18 C:\UniServerZ\www\proyecto\yii\framework\web\CWebApplication.php(282): CController->run('')
#19 C:\UniServerZ\www\proyecto\yii\framework\web\CWebApplication.php(141): CWebApplication->runController('')
#20 C:\UniServerZ\www\proyecto\yii\framework\base\CApplication.php(180): CWebApplication->processRequest()
#21 C:\UniServerZ\www\proyecto\index.php(13): CApplication->run()
#22 {main}
REQUEST_URI=/proyecto/
---
2014/09/17 15:59:06 [error] [exception.CDbException] exception 'CDbException' with message 'CDbConnection failed to open the DB connection: could not find driver' in C:\UniServer\www\Project\yii\framework\db\CDbConnection.php:382
Stack trace:
#0 C:\UniServer\www\Project\yii\framework\db\CDbConnection.php(330): CDbConnection->open()
#1 C:\UniServer\www\Project\yii\framework\db\CDbConnection.php(308): CDbConnection->setActive(true)
#2 C:\UniServer\www\Project\yii\framework\base\CModule.php(387): CDbConnection->init()
#3 C:\UniServer\www\Project\yii\framework\base\CModule.php(103): CModule->getComponent('db')
#4 C:\UniServer\www\Project\yii\framework\gii\generators\crud\CrudCode.php(44): CModule->__get('db')
#5 C:\UniServer\www\Project\yii\framework\web\CFormModel.php(39): CrudCode->init()
#6 C:\UniServer\www\Project\yii\framework\gii\CCodeGenerator.php(153): CFormModel->__construct()
#7 C:\UniServer\www\Project\yii\framework\gii\CCodeGenerator.php(63): CCodeGenerator->prepare()
#8 C:\UniServer\www\Project\yii\framework\web\actions\CInlineAction.php(49): CCodeGenerator->actionIndex()
#9 C:\UniServer\www\Project\yii\framework\web\CController.php(308): CInlineAction->runWithParams(Array)
#10 C:\UniServer\www\Project\yii\framework\web\CController.php(286): CController->runAction(Object(CInlineAction))
#11 C:\UniServer\www\Project\yii\framework\web\CController.php(265): CController->runActionWithFilters(Object(CInlineAction), Array)
#12 C:\UniServer\www\Project\yii\framework\web\CWebApplication.php(282): CController->run('index')
#13 C:\UniServer\www\Project\yii\framework\web\CWebApplication.php(141): CWebApplication->runController('gii/crud/index')
#14 C:\UniServer\www\Project\yii\framework\base\CApplication.php(180): CWebApplication->processRequest()
#15 C:\UniServer\www\Project\index.php(13): CApplication->run()
#16 {main}
REQUEST_URI=/Project/index.php?r=gii/crud/index
HTTP_REFERER=http://localhost:84/Project/index.php?r=gii/default/index
---
2014/09/17 16:00:14 [error] [exception.CDbException] exception 'CDbException' with message 'CDbConnection failed to open the DB connection: SQLSTATE[HY000] [2002] La dirección solicitada no es válida en este contexto.
' in C:\UniServer\www\Project\yii\framework\db\CDbConnection.php:382
Stack trace:
#0 C:\UniServer\www\Project\yii\framework\db\CDbConnection.php(330): CDbConnection->open()
#1 C:\UniServer\www\Project\yii\framework\db\CDbConnection.php(308): CDbConnection->setActive(true)
#2 C:\UniServer\www\Project\yii\framework\base\CModule.php(387): CDbConnection->init()
#3 C:\UniServer\www\Project\yii\framework\base\CModule.php(103): CModule->getComponent('db')
#4 C:\UniServer\www\Project\yii\framework\gii\generators\crud\CrudCode.php(44): CModule->__get('db')
#5 C:\UniServer\www\Project\yii\framework\web\CFormModel.php(39): CrudCode->init()
#6 C:\UniServer\www\Project\yii\framework\gii\CCodeGenerator.php(153): CFormModel->__construct()
#7 C:\UniServer\www\Project\yii\framework\gii\CCodeGenerator.php(63): CCodeGenerator->prepare()
#8 C:\UniServer\www\Project\yii\framework\web\actions\CInlineAction.php(49): CCodeGenerator->actionIndex()
#9 C:\UniServer\www\Project\yii\framework\web\CController.php(308): CInlineAction->runWithParams(Array)
#10 C:\UniServer\www\Project\yii\framework\web\CController.php(286): CController->runAction(Object(CInlineAction))
#11 C:\UniServer\www\Project\yii\framework\web\CController.php(265): CController->runActionWithFilters(Object(CInlineAction), Array)
#12 C:\UniServer\www\Project\yii\framework\web\CWebApplication.php(282): CController->run('index')
#13 C:\UniServer\www\Project\yii\framework\web\CWebApplication.php(141): CWebApplication->runController('gii/crud/index')
#14 C:\UniServer\www\Project\yii\framework\base\CApplication.php(180): CWebApplication->processRequest()
#15 C:\UniServer\www\Project\index.php(13): CApplication->run()
#16 {main}
REQUEST_URI=/Project/index.php?r=gii/crud/index
---
2014/09/17 16:00:22 [error] [exception.CDbException] exception 'CDbException' with message 'CDbConnection failed to open the DB connection: SQLSTATE[HY000] [2002] La dirección solicitada no es válida en este contexto.
' in C:\UniServer\www\Project\yii\framework\db\CDbConnection.php:382
Stack trace:
#0 C:\UniServer\www\Project\yii\framework\db\CDbConnection.php(330): CDbConnection->open()
#1 C:\UniServer\www\Project\yii\framework\db\CDbConnection.php(308): CDbConnection->setActive(true)
#2 C:\UniServer\www\Project\yii\framework\base\CModule.php(387): CDbConnection->init()
#3 C:\UniServer\www\Project\yii\framework\base\CModule.php(103): CModule->getComponent('db')
#4 C:\UniServer\www\Project\yii\framework\gii\generators\crud\CrudCode.php(44): CModule->__get('db')
#5 C:\UniServer\www\Project\yii\framework\web\CFormModel.php(39): CrudCode->init()
#6 C:\UniServer\www\Project\yii\framework\gii\CCodeGenerator.php(153): CFormModel->__construct()
#7 C:\UniServer\www\Project\yii\framework\gii\CCodeGenerator.php(63): CCodeGenerator->prepare()
#8 C:\UniServer\www\Project\yii\framework\web\actions\CInlineAction.php(49): CCodeGenerator->actionIndex()
#9 C:\UniServer\www\Project\yii\framework\web\CController.php(308): CInlineAction->runWithParams(Array)
#10 C:\UniServer\www\Project\yii\framework\web\CController.php(286): CController->runAction(Object(CInlineAction))
#11 C:\UniServer\www\Project\yii\framework\web\CController.php(265): CController->runActionWithFilters(Object(CInlineAction), Array)
#12 C:\UniServer\www\Project\yii\framework\web\CWebApplication.php(282): CController->run('index')
#13 C:\UniServer\www\Project\yii\framework\web\CWebApplication.php(141): CWebApplication->runController('gii/crud/index')
#14 C:\UniServer\www\Project\yii\framework\base\CApplication.php(180): CWebApplication->processRequest()
#15 C:\UniServer\www\Project\index.php(13): CApplication->run()
#16 {main}
REQUEST_URI=/Project/index.php?r=gii/crud/index
HTTP_REFERER=http://localhost:84/Project/index.php?r=gii/default/index
---
2014/09/17 16:01:39 [error] [exception.CDbException] exception 'CDbException' with message 'CDbConnection failed to open the DB connection: SQLSTATE[HY000] [2002] La dirección solicitada no es válida en este contexto.
' in C:\UniServer\www\Project\yii\framework\db\CDbConnection.php:382
Stack trace:
#0 C:\UniServer\www\Project\yii\framework\db\CDbConnection.php(330): CDbConnection->open()
#1 C:\UniServer\www\Project\yii\framework\db\CDbConnection.php(308): CDbConnection->setActive(true)
#2 C:\UniServer\www\Project\yii\framework\base\CModule.php(387): CDbConnection->init()
#3 C:\UniServer\www\Project\yii\framework\base\CModule.php(103): CModule->getComponent('db')
#4 C:\UniServer\www\Project\yii\framework\gii\generators\crud\CrudCode.php(44): CModule->__get('db')
#5 C:\UniServer\www\Project\yii\framework\web\CFormModel.php(39): CrudCode->init()
#6 C:\UniServer\www\Project\yii\framework\gii\CCodeGenerator.php(153): CFormModel->__construct()
#7 C:\UniServer\www\Project\yii\framework\gii\CCodeGenerator.php(63): CCodeGenerator->prepare()
#8 C:\UniServer\www\Project\yii\framework\web\actions\CInlineAction.php(49): CCodeGenerator->actionIndex()
#9 C:\UniServer\www\Project\yii\framework\web\CController.php(308): CInlineAction->runWithParams(Array)
#10 C:\UniServer\www\Project\yii\framework\web\CController.php(286): CController->runAction(Object(CInlineAction))
#11 C:\UniServer\www\Project\yii\framework\web\CController.php(265): CController->runActionWithFilters(Object(CInlineAction), Array)
#12 C:\UniServer\www\Project\yii\framework\web\CWebApplication.php(282): CController->run('index')
#13 C:\UniServer\www\Project\yii\framework\web\CWebApplication.php(141): CWebApplication->runController('gii/crud/index')
#14 C:\UniServer\www\Project\yii\framework\base\CApplication.php(180): CWebApplication->processRequest()
#15 C:\UniServer\www\Project\index.php(13): CApplication->run()
#16 {main}
REQUEST_URI=/Project/index.php?r=gii/crud/index
HTTP_REFERER=http://localhost:84/Project/index.php?r=gii/default/index
---
2014/09/17 16:01:44 [error] [exception.CDbException] exception 'CDbException' with message 'CDbConnection failed to open the DB connection: SQLSTATE[HY000] [2002] La dirección solicitada no es válida en este contexto.
' in C:\UniServer\www\Project\yii\framework\db\CDbConnection.php:382
Stack trace:
#0 C:\UniServer\www\Project\yii\framework\db\CDbConnection.php(330): CDbConnection->open()
#1 C:\UniServer\www\Project\yii\framework\db\CDbConnection.php(308): CDbConnection->setActive(true)
#2 C:\UniServer\www\Project\yii\framework\base\CModule.php(387): CDbConnection->init()
#3 C:\UniServer\www\Project\yii\framework\base\CModule.php(103): CModule->getComponent('db')
#4 C:\UniServer\www\Project\yii\framework\gii\generators\crud\CrudCode.php(44): CModule->__get('db')
#5 C:\UniServer\www\Project\yii\framework\web\CFormModel.php(39): CrudCode->init()
#6 C:\UniServer\www\Project\yii\framework\gii\CCodeGenerator.php(153): CFormModel->__construct()
#7 C:\UniServer\www\Project\yii\framework\gii\CCodeGenerator.php(63): CCodeGenerator->prepare()
#8 C:\UniServer\www\Project\yii\framework\web\actions\CInlineAction.php(49): CCodeGenerator->actionIndex()
#9 C:\UniServer\www\Project\yii\framework\web\CController.php(308): CInlineAction->runWithParams(Array)
#10 C:\UniServer\www\Project\yii\framework\web\CController.php(286): CController->runAction(Object(CInlineAction))
#11 C:\UniServer\www\Project\yii\framework\web\CController.php(265): CController->runActionWithFilters(Object(CInlineAction), Array)
#12 C:\UniServer\www\Project\yii\framework\web\CWebApplication.php(282): CController->run('index')
#13 C:\UniServer\www\Project\yii\framework\web\CWebApplication.php(141): CWebApplication->runController('gii/crud/index')
#14 C:\UniServer\www\Project\yii\framework\base\CApplication.php(180): CWebApplication->processRequest()
#15 C:\UniServer\www\Project\index.php(13): CApplication->run()
#16 {main}
REQUEST_URI=/Project/index.php?r=gii/crud/index
HTTP_REFERER=http://localhost:84/Project/index.php?r=gii/default/index
---
2014/09/17 16:02:37 [error] [exception.CDbException] exception 'CDbException' with message 'CDbConnection failed to open the DB connection: SQLSTATE[HY000] [2002] La dirección solicitada no es válida en este contexto.
' in C:\UniServer\www\Project\yii\framework\db\CDbConnection.php:382
Stack trace:
#0 C:\UniServer\www\Project\yii\framework\db\CDbConnection.php(330): CDbConnection->open()
#1 C:\UniServer\www\Project\yii\framework\db\CDbConnection.php(308): CDbConnection->setActive(true)
#2 C:\UniServer\www\Project\yii\framework\base\CModule.php(387): CDbConnection->init()
#3 C:\UniServer\www\Project\yii\framework\base\CModule.php(103): CModule->getComponent('db')
#4 C:\UniServer\www\Project\yii\framework\gii\generators\crud\CrudCode.php(44): CModule->__get('db')
#5 C:\UniServer\www\Project\yii\framework\web\CFormModel.php(39): CrudCode->init()
#6 C:\UniServer\www\Project\yii\framework\gii\CCodeGenerator.php(153): CFormModel->__construct()
#7 C:\UniServer\www\Project\yii\framework\gii\CCodeGenerator.php(63): CCodeGenerator->prepare()
#8 C:\UniServer\www\Project\yii\framework\web\actions\CInlineAction.php(49): CCodeGenerator->actionIndex()
#9 C:\UniServer\www\Project\yii\framework\web\CController.php(308): CInlineAction->runWithParams(Array)
#10 C:\UniServer\www\Project\yii\framework\web\CController.php(286): CController->runAction(Object(CInlineAction))
#11 C:\UniServer\www\Project\yii\framework\web\CController.php(265): CController->runActionWithFilters(Object(CInlineAction), Array)
#12 C:\UniServer\www\Project\yii\framework\web\CWebApplication.php(282): CController->run('index')
#13 C:\UniServer\www\Project\yii\framework\web\CWebApplication.php(141): CWebApplication->runController('gii/crud/index')
#14 C:\UniServer\www\Project\yii\framework\base\CApplication.php(180): CWebApplication->processRequest()
#15 C:\UniServer\www\Project\index.php(13): CApplication->run()
#16 {main}
REQUEST_URI=/Project/index.php?r=gii/crud/index
HTTP_REFERER=http://localhost:84/Project/index.php?r=gii/default/index
---
2014/09/17 16:08:46 [error] [exception.CDbException] exception 'CDbException' with message 'CDbConnection failed to open the DB connection: SQLSTATE[HY000] [2002] La dirección solicitada no es válida en este contexto.
' in C:\UniServer\www\Project\yii\framework\db\CDbConnection.php:382
Stack trace:
#0 C:\UniServer\www\Project\yii\framework\db\CDbConnection.php(330): CDbConnection->open()
#1 C:\UniServer\www\Project\yii\framework\db\CDbConnection.php(308): CDbConnection->setActive(true)
#2 C:\UniServer\www\Project\yii\framework\base\CModule.php(387): CDbConnection->init()
#3 C:\UniServer\www\Project\yii\framework\base\CModule.php(103): CModule->getComponent('db')
#4 C:\UniServer\www\Project\yii\framework\gii\generators\crud\CrudCode.php(44): CModule->__get('db')
#5 C:\UniServer\www\Project\yii\framework\web\CFormModel.php(39): CrudCode->init()
#6 C:\UniServer\www\Project\yii\framework\gii\CCodeGenerator.php(153): CFormModel->__construct()
#7 C:\UniServer\www\Project\yii\framework\gii\CCodeGenerator.php(63): CCodeGenerator->prepare()
#8 C:\UniServer\www\Project\yii\framework\web\actions\CInlineAction.php(49): CCodeGenerator->actionIndex()
#9 C:\UniServer\www\Project\yii\framework\web\CController.php(308): CInlineAction->runWithParams(Array)
#10 C:\UniServer\www\Project\yii\framework\web\CController.php(286): CController->runAction(Object(CInlineAction))
#11 C:\UniServer\www\Project\yii\framework\web\CController.php(265): CController->runActionWithFilters(Object(CInlineAction), Array)
#12 C:\UniServer\www\Project\yii\framework\web\CWebApplication.php(282): CController->run('index')
#13 C:\UniServer\www\Project\yii\framework\web\CWebApplication.php(141): CWebApplication->runController('gii/crud/index')
#14 C:\UniServer\www\Project\yii\framework\base\CApplication.php(180): CWebApplication->processRequest()
#15 C:\UniServer\www\Project\index.php(13): CApplication->run()
#16 {main}
REQUEST_URI=/Project/index.php?r=gii/crud/index
HTTP_REFERER=http://localhost:84/Project/index.php?r=gii/default/index
---
2014/09/17 16:08:54 [error] [exception.CDbException] exception 'CDbException' with message 'CDbConnection failed to open the DB connection: SQLSTATE[HY000] [2002] La dirección solicitada no es válida en este contexto.
' in C:\UniServer\www\Project\yii\framework\db\CDbConnection.php:382
Stack trace:
#0 C:\UniServer\www\Project\yii\framework\db\CDbConnection.php(330): CDbConnection->open()
#1 C:\UniServer\www\Project\yii\framework\db\CDbConnection.php(308): CDbConnection->setActive(true)
#2 C:\UniServer\www\Project\yii\framework\base\CModule.php(387): CDbConnection->init()
#3 C:\UniServer\www\Project\yii\framework\base\CModule.php(103): CModule->getComponent('db')
#4 C:\UniServer\www\Project\yii\framework\gii\generators\model\ModelCode.php(60): CModule->__get('db')
#5 C:\UniServer\www\Project\yii\framework\web\CFormModel.php(39): ModelCode->init()
#6 C:\UniServer\www\Project\yii\framework\gii\CCodeGenerator.php(153): CFormModel->__construct()
#7 C:\UniServer\www\Project\yii\framework\gii\CCodeGenerator.php(63): CCodeGenerator->prepare()
#8 C:\UniServer\www\Project\yii\framework\web\actions\CInlineAction.php(49): CCodeGenerator->actionIndex()
#9 C:\UniServer\www\Project\yii\framework\web\CController.php(308): CInlineAction->runWithParams(Array)
#10 C:\UniServer\www\Project\yii\framework\web\CController.php(286): CController->runAction(Object(CInlineAction))
#11 C:\UniServer\www\Project\yii\framework\web\CController.php(265): CController->runActionWithFilters(Object(CInlineAction), Array)
#12 C:\UniServer\www\Project\yii\framework\web\CWebApplication.php(282): CController->run('index')
#13 C:\UniServer\www\Project\yii\framework\web\CWebApplication.php(141): CWebApplication->runController('gii/model/index')
#14 C:\UniServer\www\Project\yii\framework\base\CApplication.php(180): CWebApplication->processRequest()
#15 C:\UniServer\www\Project\index.php(13): CApplication->run()
#16 {main}
REQUEST_URI=/Project/index.php?r=gii/model/index
HTTP_REFERER=http://localhost:84/Project/index.php?r=gii/default/index
---
2014/09/17 16:09:07 [error] [exception.CDbException] exception 'CDbException' with message 'CDbConnection failed to open the DB connection: SQLSTATE[HY000] [2002] La dirección solicitada no es válida en este contexto.
' in C:\UniServer\www\Project\yii\framework\db\CDbConnection.php:382
Stack trace:
#0 C:\UniServer\www\Project\yii\framework\db\CDbConnection.php(330): CDbConnection->open()
#1 C:\UniServer\www\Project\yii\framework\db\CDbConnection.php(308): CDbConnection->setActive(true)
#2 C:\UniServer\www\Project\yii\framework\base\CModule.php(387): CDbConnection->init()
#3 C:\UniServer\www\Project\yii\framework\base\CModule.php(103): CModule->getComponent('db')
#4 C:\UniServer\www\Project\yii\framework\gii\generators\model\ModelCode.php(60): CModule->__get('db')
#5 C:\UniServer\www\Project\yii\framework\web\CFormModel.php(39): ModelCode->init()
#6 C:\UniServer\www\Project\yii\framework\gii\CCodeGenerator.php(153): CFormModel->__construct()
#7 C:\UniServer\www\Project\yii\framework\gii\CCodeGenerator.php(63): CCodeGenerator->prepare()
#8 C:\UniServer\www\Project\yii\framework\web\actions\CInlineAction.php(49): CCodeGenerator->actionIndex()
#9 C:\UniServer\www\Project\yii\framework\web\CController.php(308): CInlineAction->runWithParams(Array)
#10 C:\UniServer\www\Project\yii\framework\web\CController.php(286): CController->runAction(Object(CInlineAction))
#11 C:\UniServer\www\Project\yii\framework\web\CController.php(265): CController->runActionWithFilters(Object(CInlineAction), Array)
#12 C:\UniServer\www\Project\yii\framework\web\CWebApplication.php(282): CController->run('index')
#13 C:\UniServer\www\Project\yii\framework\web\CWebApplication.php(141): CWebApplication->runController('gii/model/index')
#14 C:\UniServer\www\Project\yii\framework\base\CApplication.php(180): CWebApplication->processRequest()
#15 C:\UniServer\www\Project\index.php(13): CApplication->run()
#16 {main}
REQUEST_URI=/Project/index.php?r=gii/model/index
HTTP_REFERER=http://localhost:84/Project/index.php?r=gii/default/index
---
2014/09/17 16:26:47 [error] [exception.CDbException] exception 'CDbException' with message 'CDbConnection failed to open the DB connection: SQLSTATE[HY000] [2002] La dirección solicitada no es válida en este contexto.
' in C:\UniServer\www\Project\yii\framework\db\CDbConnection.php:382
Stack trace:
#0 C:\UniServer\www\Project\yii\framework\db\CDbConnection.php(330): CDbConnection->open()
#1 C:\UniServer\www\Project\yii\framework\db\CDbConnection.php(308): CDbConnection->setActive(true)
#2 C:\UniServer\www\Project\yii\framework\base\CModule.php(387): CDbConnection->init()
#3 C:\UniServer\www\Project\yii\framework\base\CModule.php(103): CModule->getComponent('db')
#4 C:\UniServer\www\Project\yii\framework\gii\generators\crud\CrudCode.php(44): CModule->__get('db')
#5 C:\UniServer\www\Project\yii\framework\web\CFormModel.php(39): CrudCode->init()
#6 C:\UniServer\www\Project\yii\framework\gii\CCodeGenerator.php(153): CFormModel->__construct()
#7 C:\UniServer\www\Project\yii\framework\gii\CCodeGenerator.php(63): CCodeGenerator->prepare()
#8 C:\UniServer\www\Project\yii\framework\web\actions\CInlineAction.php(49): CCodeGenerator->actionIndex()
#9 C:\UniServer\www\Project\yii\framework\web\CController.php(308): CInlineAction->runWithParams(Array)
#10 C:\UniServer\www\Project\yii\framework\web\CController.php(286): CController->runAction(Object(CInlineAction))
#11 C:\UniServer\www\Project\yii\framework\web\CController.php(265): CController->runActionWithFilters(Object(CInlineAction), Array)
#12 C:\UniServer\www\Project\yii\framework\web\CWebApplication.php(282): CController->run('index')
#13 C:\UniServer\www\Project\yii\framework\web\CWebApplication.php(141): CWebApplication->runController('gii/crud/index')
#14 C:\UniServer\www\Project\yii\framework\base\CApplication.php(180): CWebApplication->processRequest()
#15 C:\UniServer\www\Project\index.php(13): CApplication->run()
#16 {main}
REQUEST_URI=/Project/index.php?r=gii/crud/index
HTTP_REFERER=http://localhost:84/Project/index.php?r=gii/default/index
---
2014/09/22 16:17:52 [error] [exception.CHttpException.404] exception 'CHttpException' with message 'The system is unable to find the requested action "categori".' in C:\UniServer\www\Project\yii\framework\web\CController.php:483
Stack trace:
#0 C:\UniServer\www\Project\yii\framework\web\CController.php(270): CController->missingAction('categori')
#1 C:\UniServer\www\Project\yii\framework\web\CWebApplication.php(282): CController->run('categori')
#2 C:\UniServer\www\Project\yii\framework\web\CWebApplication.php(141): CWebApplication->runController('site/categori')
#3 C:\UniServer\www\Project\yii\framework\base\CApplication.php(180): CWebApplication->processRequest()
#4 C:\UniServer\www\Project\index.php(13): CApplication->run()
#5 {main}
REQUEST_URI=/Project/index.php?r=site/categori
---
2014/09/22 16:17:54 [error] [exception.CHttpException.404] exception 'CHttpException' with message 'The system is unable to find the requested action "categoria".' in C:\UniServer\www\Project\yii\framework\web\CController.php:483
Stack trace:
#0 C:\UniServer\www\Project\yii\framework\web\CController.php(270): CController->missingAction('categoria')
#1 C:\UniServer\www\Project\yii\framework\web\CWebApplication.php(282): CController->run('categoria')
#2 C:\UniServer\www\Project\yii\framework\web\CWebApplication.php(141): CWebApplication->runController('site/categoria')
#3 C:\UniServer\www\Project\yii\framework\base\CApplication.php(180): CWebApplication->processRequest()
#4 C:\UniServer\www\Project\index.php(13): CApplication->run()
#5 {main}
REQUEST_URI=/Project/index.php?r=site/categoria
---
2014/09/23 14:04:19 [error] [exception.CException] exception 'CException' with message 'Property "Categoria.ID_USUARIO" is not defined.' in C:\UniServer\www\Project\yii\framework\base\CComponent.php:173
Stack trace:
#0 C:\UniServer\www\Project\yii\framework\db\ar\CActiveRecord.php(161): CComponent->__set('ID_USUARIO', 'admin')
#1 C:\UniServer\www\Project\protected\controllers\CategoriaController.php(73): CActiveRecord->__set('ID_USUARIO', 'admin')
#2 C:\UniServer\www\Project\yii\framework\web\actions\CInlineAction.php(49): CategoriaController->actionCreate()
#3 C:\UniServer\www\Project\yii\framework\web\CController.php(308): CInlineAction->runWithParams(Array)
#4 C:\UniServer\www\Project\yii\framework\web\filters\CFilterChain.php(133): CController->runAction(Object(CInlineAction))
#5 C:\UniServer\www\Project\yii\framework\web\filters\CFilter.php(40): CFilterChain->run()
#6 C:\UniServer\www\Project\yii\framework\web\CController.php(1145): CFilter->filter(Object(CFilterChain))
#7 C:\UniServer\www\Project\yii\framework\web\filters\CInlineFilter.php(58): CController->filterAccessControl(Object(CFilterChain))
#8 C:\UniServer\www\Project\yii\framework\web\filters\CFilterChain.php(130): CInlineFilter->filter(Object(CFilterChain))
#9 C:\UniServer\www\Project\yii\framework\web\CController.php(291): CFilterChain->run()
#10 C:\UniServer\www\Project\yii\framework\web\CController.php(265): CController->runActionWithFilters(Object(CInlineAction), Array)
#11 C:\UniServer\www\Project\yii\framework\web\CWebApplication.php(282): CController->run('create')
#12 C:\UniServer\www\Project\yii\framework\web\CWebApplication.php(141): CWebApplication->runController('categoria/creat...')
#13 C:\UniServer\www\Project\yii\framework\base\CApplication.php(180): CWebApplication->processRequest()
#14 C:\UniServer\www\Project\index.php(13): CApplication->run()
#15 {main}
REQUEST_URI=/Project/index.php/categoria/create
HTTP_REFERER=http://localhost:84/Project/index.php/categoria/create
---
2014/09/23 14:06:55 [error] [exception.CHttpException.404] exception 'CHttpException' with message 'The requested page does not exist.' in C:\UniServer\www\Project\protected\controllers\CategoriaController.php:161
Stack trace:
#0 C:\UniServer\www\Project\protected\controllers\CategoriaController.php(55): CategoriaController->loadModel('1')
#1 [internal function]: CategoriaController->actionView('1')
#2 C:\UniServer\www\Project\yii\framework\web\actions\CAction.php(108): ReflectionMethod->invokeArgs(Object(CategoriaController), Array)
#3 C:\UniServer\www\Project\yii\framework\web\actions\CInlineAction.php(47): CAction->runWithParamsInternal(Object(CategoriaController), Object(ReflectionMethod), Array)
#4 C:\UniServer\www\Project\yii\framework\web\CController.php(308): CInlineAction->runWithParams(Array)
#5 C:\UniServer\www\Project\yii\framework\web\filters\CFilterChain.php(133): CController->runAction(Object(CInlineAction))
#6 C:\UniServer\www\Project\yii\framework\web\filters\CFilter.php(40): CFilterChain->run()
#7 C:\UniServer\www\Project\yii\framework\web\CController.php(1145): CFilter->filter(Object(CFilterChain))
#8 C:\UniServer\www\Project\yii\framework\web\filters\CInlineFilter.php(58): CController->filterAccessControl(Object(CFilterChain))
#9 C:\UniServer\www\Project\yii\framework\web\filters\CFilterChain.php(130): CInlineFilter->filter(Object(CFilterChain))
#10 C:\UniServer\www\Project\yii\framework\web\CController.php(291): CFilterChain->run()
#11 C:\UniServer\www\Project\yii\framework\web\CController.php(265): CController->runActionWithFilters(Object(CInlineAction), Array)
#12 C:\UniServer\www\Project\yii\framework\web\CWebApplication.php(282): CController->run('view')
#13 C:\UniServer\www\Project\yii\framework\web\CWebApplication.php(141): CWebApplication->runController('categoria/view')
#14 C:\UniServer\www\Project\yii\framework\base\CApplication.php(180): CWebApplication->processRequest()
#15 C:\UniServer\www\Project\index.php(13): CApplication->run()
#16 {main}
REQUEST_URI=/Project/index.php/categoria/1
HTTP_REFERER=http://localhost:84/Project/index.php/categoria/create
---
2014/09/23 14:25:38 [error] [php] Undefined variable: models (C:\UniServer\www\Project\protected\views\actividad\_form.php:30)
Stack trace:
#0 C:\UniServer\www\Project\yii\framework\web\CController.php(869): ActividadController->renderFile()
#1 C:\UniServer\www\Project\protected\views\actividad\create.php(18): ActividadController->renderPartial()
#2 C:\UniServer\www\Project\yii\framework\web\CBaseController.php(126): require()
#3 C:\UniServer\www\Project\yii\framework\web\CBaseController.php(95): ActividadController->renderInternal()
#4 C:\UniServer\www\Project\yii\framework\web\CController.php(869): ActividadController->renderFile()
#5 C:\UniServer\www\Project\yii\framework\web\CController.php(782): ActividadController->renderPartial()
#6 C:\UniServer\www\Project\protected\controllers\ActividadController.php(81): ActividadController->render()
#7 C:\UniServer\www\Project\yii\framework\web\actions\CInlineAction.php(49): ActividadController->actionCreate()
#8 C:\UniServer\www\Project\yii\framework\web\CController.php(308): CInlineAction->runWithParams()
#9 C:\UniServer\www\Project\yii\framework\web\filters\CFilterChain.php(133): ActividadController->runAction()
#10 C:\UniServer\www\Project\yii\framework\web\filters\CFilter.php(40): CFilterChain->run()
#11 C:\UniServer\www\Project\yii\framework\web\CController.php(1145): CAccessControlFilter->filter()
#12 C:\UniServer\www\Project\yii\framework\web\filters\CInlineFilter.php(58): ActividadController->filterAccessControl()
#13 C:\UniServer\www\Project\yii\framework\web\filters\CFilterChain.php(130): CInlineFilter->filter()
#14 C:\UniServer\www\Project\yii\framework\web\CController.php(291): CFilterChain->run()
#15 C:\UniServer\www\Project\yii\framework\web\CController.php(265): ActividadController->runActionWithFilters()
#16 C:\UniServer\www\Project\yii\framework\web\CWebApplication.php(282): ActividadController->run()
#17 C:\UniServer\www\Project\yii\framework\web\CWebApplication.php(141): CWebApplication->runController()
#18 C:\UniServer\www\Project\yii\framework\base\CApplication.php(180): CWebApplication->processRequest()
#19 C:\UniServer\www\Project\index.php(13): CWebApplication->run()
REQUEST_URI=/Project/index.php/actividad/create
in C:\UniServer\www\Project\protected\views\actividad\_form.php (30)
in C:\UniServer\www\Project\protected\views\actividad\create.php (18)
in C:\UniServer\www\Project\protected\controllers\ActividadController.php (81)
2014/09/23 14:26:05 [error] [exception.CException] exception 'CException' with message 'Property "Actividad.categoria" is not defined.' in C:\UniServer\www\Project\yii\framework\base\CComponent.php:130
Stack trace:
#0 C:\UniServer\www\Project\yii\framework\db\ar\CActiveRecord.php(145): CComponent->__get('categoria')
#1 C:\UniServer\www\Project\yii\framework\web\helpers\CHtml.php(2529): CActiveRecord->__get('categoria')
#2 C:\UniServer\www\Project\yii\framework\web\helpers\CHtml.php(1802): CHtml::resolveValue(Object(Actividad), 'categoria')
#3 C:\UniServer\www\Project\yii\framework\web\widgets\CActiveForm.php(847): CHtml::activeDropDownList(Object(Actividad), 'categoria', Array, Array)
#4 C:\UniServer\www\Project\protected\views\actividad\_form.php(30): CActiveForm->dropDownList(Object(Actividad), 'categoria', Array)
#5 C:\UniServer\www\Project\yii\framework\web\CBaseController.php(126): require('C:\UniServer\ww...')
#6 C:\UniServer\www\Project\yii\framework\web\CBaseController.php(95): CBaseController->renderInternal('C:\UniServer\ww...', Array, true)
#7 C:\UniServer\www\Project\yii\framework\web\CController.php(869): CBaseController->renderFile('C:\UniServer\ww...', Array, true)
#8 C:\UniServer\www\Project\protected\views\actividad\create.php(18): CController->renderPartial('_form', Array)
#9 C:\UniServer\www\Project\yii\framework\web\CBaseController.php(126): require('C:\UniServer\ww...')
#10 C:\UniServer\www\Project\yii\framework\web\CBaseController.php(95): CBaseController->renderInternal('C:\UniServer\ww...', Array, true)
#11 C:\UniServer\www\Project\yii\framework\web\CController.php(869): CBaseController->renderFile('C:\UniServer\ww...', Array, true)
#12 C:\UniServer\www\Project\yii\framework\web\CController.php(782): CController->renderPartial('create', Array, true)
#13 C:\UniServer\www\Project\protected\controllers\ActividadController.php(81): CController->render('create', Array)
#14 C:\UniServer\www\Project\yii\framework\web\actions\CInlineAction.php(49): ActividadController->actionCreate()
#15 C:\UniServer\www\Project\yii\framework\web\CController.php(308): CInlineAction->runWithParams(Array)
#16 C:\UniServer\www\Project\yii\framework\web\filters\CFilterChain.php(133): CController->runAction(Object(CInlineAction))
#17 C:\UniServer\www\Project\yii\framework\web\filters\CFilter.php(40): CFilterChain->run()
#18 C:\UniServer\www\Project\yii\framework\web\CController.php(1145): CFilter->filter(Object(CFilterChain))
#19 C:\UniServer\www\Project\yii\framework\web\filters\CInlineFilter.php(58): CController->filterAccessControl(Object(CFilterChain))
#20 C:\UniServer\www\Project\yii\framework\web\filters\CFilterChain.php(130): CInlineFilter->filter(Object(CFilterChain))
#21 C:\UniServer\www\Project\yii\framework\web\CController.php(291): CFilterChain->run()
#22 C:\UniServer\www\Project\yii\framework\web\CController.php(265): CController->runActionWithFilters(Object(CInlineAction), Array)
#23 C:\UniServer\www\Project\yii\framework\web\CWebApplication.php(282): CController->run('create')
#24 C:\UniServer\www\Project\yii\framework\web\CWebApplication.php(141): CWebApplication->runController('actividad/creat...')
#25 C:\UniServer\www\Project\yii\framework\base\CApplication.php(180): CWebApplication->processRequest()
#26 C:\UniServer\www\Project\index.php(13): CApplication->run()
#27 {main}
REQUEST_URI=/Project/index.php/actividad/create
HTTP_REFERER=http://localhost:84/Project/index.php/actividad
---
2014/10/07 23:08:41 [error] [exception.CDbException] exception 'CDbException' with message 'CDbConnection failed to open the DB connection: SQLSTATE[HY000] [1045] Access denied for user 'root'@'localhost' (using password: YES)' in /opt/lampp/htdocs/Project/yii/framework/db/CDbConnection.php:382
Stack trace:
#0 /opt/lampp/htdocs/Project/yii/framework/db/CDbConnection.php(330): CDbConnection->open()
#1 /opt/lampp/htdocs/Project/yii/framework/db/CDbConnection.php(308): CDbConnection->setActive(true)
#2 /opt/lampp/htdocs/Project/yii/framework/base/CModule.php(387): CDbConnection->init()
#3 /opt/lampp/htdocs/Project/yii/framework/base/CApplication.php(450): CModule->getComponent('db')
#4 /opt/lampp/htdocs/Project/yii/framework/db/ar/CActiveRecord.php(634): CApplication->getDb()
#5 /opt/lampp/htdocs/Project/yii/framework/db/ar/CActiveRecord.php(667): CActiveRecord->getDbConnection()
#6 /opt/lampp/htdocs/Project/yii/framework/db/ar/CActiveRecord.php(1595): CActiveRecord->getCommandBuilder()
#7 /opt/lampp/htdocs/Project/yii/framework/web/CActiveDataProvider.php(228): CActiveRecord->count(Object(CDbCriteria))
#8 /opt/lampp/htdocs/Project/yii/framework/web/CDataProvider.php(224): CActiveDataProvider->calculateTotalItemCount()
#9 /opt/lampp/htdocs/Project/yii/framework/web/CActiveDataProvider.php(178): CDataProvider->getTotalItemCount()
#10 /opt/lampp/htdocs/Project/yii/framework/web/CDataProvider.php(168): CActiveDataProvider->fetchData()
#11 /opt/lampp/htdocs/Project/yii/framework/zii/widgets/CBaseListView.php(111): CDataProvider->getData()
#12 /opt/lampp/htdocs/Project/yii/framework/zii/widgets/CListView.php(211): CBaseListView->init()
#13 /opt/lampp/htdocs/Project/yii/framework/web/CBaseController.php(147): CListView->init()
#14 /opt/lampp/htdocs/Project/yii/framework/web/CBaseController.php(172): CBaseController->createWidget('zii.widgets.CLi...', Array)
#15 /opt/lampp/htdocs/Project/protected/views/actividad/index.php(20): CBaseController->widget('zii.widgets.CLi...', Array)
#16 /opt/lampp/htdocs/Project/yii/framework/web/CBaseController.php(126): require('/opt/lampp/htdo...')
#17 /opt/lampp/htdocs/Project/yii/framework/web/CBaseController.php(95): CBaseController->renderInternal('/opt/lampp/htdo...', Array, true)
#18 /opt/lampp/htdocs/Project/yii/framework/web/CController.php(869): CBaseController->renderFile('/opt/lampp/htdo...', Array, true)
#19 /opt/lampp/htdocs/Project/yii/framework/web/CController.php(782): CController->renderPartial('index', Array, true)
#20 /opt/lampp/htdocs/Project/protected/controllers/ActividadController.php(132): CController->render('index', Array)
#21 /opt/lampp/htdocs/Project/yii/framework/web/actions/CInlineAction.php(49): ActividadController->actionIndex()
#22 /opt/lampp/htdocs/Project/yii/framework/web/CController.php(308): CInlineAction->runWithParams(Array)
#23 /opt/lampp/htdocs/Project/yii/framework/web/filters/CFilterChain.php(133): CController->runAction(Object(CInlineAction))
#24 /opt/lampp/htdocs/Project/yii/framework/web/filters/CFilter.php(40): CFilterChain->run()
#25 /opt/lampp/htdocs/Project/yii/framework/web/CController.php(1145): CFilter->filter(Object(CFilterChain))
#26 /opt/lampp/htdocs/Project/yii/framework/web/filters/CInlineFilter.php(58): CController->filterAccessControl(Object(CFilterChain))
#27 /opt/lampp/htdocs/Project/yii/framework/web/filters/CFilterChain.php(130): CInlineFilter->filter(Object(CFilterChain))
#28 /opt/lampp/htdocs/Project/yii/framework/web/CController.php(291): CFilterChain->run()
#29 /opt/lampp/htdocs/Project/yii/framework/web/CController.php(265): CController->runActionWithFilters(Object(CInlineAction), Array)
#30 /opt/lampp/htdocs/Project/yii/framework/web/CWebApplication.php(282): CController->run('')
#31 /opt/lampp/htdocs/Project/yii/framework/web/CWebApplication.php(141): CWebApplication->runController('actividad')
#32 /opt/lampp/htdocs/Project/yii/framework/base/CApplication.php(180): CWebApplication->processRequest()
#33 /opt/lampp/htdocs/Project/index.php(13): CApplication->run()
#34 {main}
REQUEST_URI=/Project/index.php/actividad
---
2014/10/07 23:09:22 [error] [exception.CDbException] exception 'CDbException' with message 'CDbConnection failed to open the DB connection: SQLSTATE[HY000] [1045] Access denied for user 'root'@'localhost' (using password: YES)' in /opt/lampp/htdocs/Project/yii/framework/db/CDbConnection.php:382
Stack trace:
#0 /opt/lampp/htdocs/Project/yii/framework/db/CDbConnection.php(330): CDbConnection->open()
#1 /opt/lampp/htdocs/Project/yii/framework/db/CDbConnection.php(308): CDbConnection->setActive(true)
#2 /opt/lampp/htdocs/Project/yii/framework/base/CModule.php(387): CDbConnection->init()
#3 /opt/lampp/htdocs/Project/yii/framework/base/CApplication.php(450): CModule->getComponent('db')
#4 /opt/lampp/htdocs/Project/yii/framework/db/ar/CActiveRecord.php(634): CApplication->getDb()
#5 /opt/lampp/htdocs/Project/yii/framework/db/ar/CActiveRecord.php(667): CActiveRecord->getDbConnection()
#6 /opt/lampp/htdocs/Project/yii/framework/db/ar/CActiveRecord.php(1595): CActiveRecord->getCommandBuilder()
#7 /opt/lampp/htdocs/Project/yii/framework/web/CActiveDataProvider.php(228): CActiveRecord->count(Object(CDbCriteria))
#8 /opt/lampp/htdocs/Project/yii/framework/web/CDataProvider.php(224): CActiveDataProvider->calculateTotalItemCount()
#9 /opt/lampp/htdocs/Project/yii/framework/web/CActiveDataProvider.php(178): CDataProvider->getTotalItemCount()
#10 /opt/lampp/htdocs/Project/yii/framework/web/CDataProvider.php(168): CActiveDataProvider->fetchData()
#11 /opt/lampp/htdocs/Project/yii/framework/zii/widgets/CBaseListView.php(111): CDataProvider->getData()
#12 /opt/lampp/htdocs/Project/yii/framework/zii/widgets/CListView.php(211): CBaseListView->init()
#13 /opt/lampp/htdocs/Project/yii/framework/web/CBaseController.php(147): CListView->init()
#14 /opt/lampp/htdocs/Project/yii/framework/web/CBaseController.php(172): CBaseController->createWidget('zii.widgets.CLi...', Array)
#15 /opt/lampp/htdocs/Project/protected/views/actividad/index.php(20): CBaseController->widget('zii.widgets.CLi...', Array)
#16 /opt/lampp/htdocs/Project/yii/framework/web/CBaseController.php(126): require('/opt/lampp/htdo...')
#17 /opt/lampp/htdocs/Project/yii/framework/web/CBaseController.php(95): CBaseController->renderInternal('/opt/lampp/htdo...', Array, true)
#18 /opt/lampp/htdocs/Project/yii/framework/web/CController.php(869): CBaseController->renderFile('/opt/lampp/htdo...', Array, true)
#19 /opt/lampp/htdocs/Project/yii/framework/web/CController.php(782): CController->renderPartial('index', Array, true)
#20 /opt/lampp/htdocs/Project/protected/controllers/ActividadController.php(132): CController->render('index', Array)
#21 /opt/lampp/htdocs/Project/yii/framework/web/actions/CInlineAction.php(49): ActividadController->actionIndex()
#22 /opt/lampp/htdocs/Project/yii/framework/web/CController.php(308): CInlineAction->runWithParams(Array)
#23 /opt/lampp/htdocs/Project/yii/framework/web/filters/CFilterChain.php(133): CController->runAction(Object(CInlineAction))
#24 /opt/lampp/htdocs/Project/yii/framework/web/filters/CFilter.php(40): CFilterChain->run()
#25 /opt/lampp/htdocs/Project/yii/framework/web/CController.php(1145): CFilter->filter(Object(CFilterChain))
#26 /opt/lampp/htdocs/Project/yii/framework/web/filters/CInlineFilter.php(58): CController->filterAccessControl(Object(CFilterChain))
#27 /opt/lampp/htdocs/Project/yii/framework/web/filters/CFilterChain.php(130): CInlineFilter->filter(Object(CFilterChain))
#28 /opt/lampp/htdocs/Project/yii/framework/web/CController.php(291): CFilterChain->run()
#29 /opt/lampp/htdocs/Project/yii/framework/web/CController.php(265): CController->runActionWithFilters(Object(CInlineAction), Array)
#30 /opt/lampp/htdocs/Project/yii/framework/web/CWebApplication.php(282): CController->run('')
#31 /opt/lampp/htdocs/Project/yii/framework/web/CWebApplication.php(141): CWebApplication->runController('actividad')
#32 /opt/lampp/htdocs/Project/yii/framework/base/CApplication.php(180): CWebApplication->processRequest()
#33 /opt/lampp/htdocs/Project/index.php(13): CApplication->run()
#34 {main}
REQUEST_URI=/Project/index.php/actividad
---
2014/10/07 23:09:31 [error] [exception.CException] exception 'CException' with message 'Property "Actividad.DESCRIPCION_ACTIVIDAD" is not defined.' in /opt/lampp/htdocs/Project/yii/framework/base/CComponent.php:130
Stack trace:
#0 /opt/lampp/htdocs/Project/yii/framework/db/ar/CActiveRecord.php(145): CComponent->__get('DESCRIPCION_ACT...')
#1 /opt/lampp/htdocs/Project/protected/views/actividad/_view.php(25): CActiveRecord->__get('DESCRIPCION_ACT...')
#2 /opt/lampp/htdocs/Project/yii/framework/web/CBaseController.php(130): require('/opt/lampp/htdo...')
#3 /opt/lampp/htdocs/Project/yii/framework/web/CBaseController.php(95): CBaseController->renderInternal('/opt/lampp/htdo...', Array, false)
#4 /opt/lampp/htdocs/Project/yii/framework/zii/widgets/CListView.php(291): CBaseController->renderFile('/opt/lampp/htdo...', Array)
#5 /opt/lampp/htdocs/Project/yii/framework/zii/widgets/CBaseListView.php(167): CListView->renderItems()
#6 [internal function]: CBaseListView->renderSection(Array)
#7 /opt/lampp/htdocs/Project/yii/framework/zii/widgets/CBaseListView.php(150): preg_replace_callback('/{(\\w+)}/', Array, '{summary}\n{sort...')
#8 /opt/lampp/htdocs/Project/yii/framework/zii/widgets/CBaseListView.php(135): CBaseListView->renderContent()
#9 /opt/lampp/htdocs/Project/yii/framework/web/CBaseController.php(173): CBaseListView->run()
#10 /opt/lampp/htdocs/Project/protected/views/actividad/index.php(20): CBaseController->widget('zii.widgets.CLi...', Array)
#11 /opt/lampp/htdocs/Project/yii/framework/web/CBaseController.php(126): require('/opt/lampp/htdo...')
#12 /opt/lampp/htdocs/Project/yii/framework/web/CBaseController.php(95): CBaseController->renderInternal('/opt/lampp/htdo...', Array, true)
#13 /opt/lampp/htdocs/Project/yii/framework/web/CController.php(869): CBaseController->renderFile('/opt/lampp/htdo...', Array, true)
#14 /opt/lampp/htdocs/Project/yii/framework/web/CController.php(782): CController->renderPartial('index', Array, true)
#15 /opt/lampp/htdocs/Project/protected/controllers/ActividadController.php(132): CController->render('index', Array)
#16 /opt/lampp/htdocs/Project/yii/framework/web/actions/CInlineAction.php(49): ActividadController->actionIndex()
#17 /opt/lampp/htdocs/Project/yii/framework/web/CController.php(308): CInlineAction->runWithParams(Array)
#18 /opt/lampp/htdocs/Project/yii/framework/web/filters/CFilterChain.php(133): CController->runAction(Object(CInlineAction))
#19 /opt/lampp/htdocs/Project/yii/framework/web/filters/CFilter.php(40): CFilterChain->run()
#20 /opt/lampp/htdocs/Project/yii/framework/web/CController.php(1145): CFilter->filter(Object(CFilterChain))
#21 /opt/lampp/htdocs/Project/yii/framework/web/filters/CInlineFilter.php(58): CController->filterAccessControl(Object(CFilterChain))
#22 /opt/lampp/htdocs/Project/yii/framework/web/filters/CFilterChain.php(130): CInlineFilter->filter(Object(CFilterChain))
#23 /opt/lampp/htdocs/Project/yii/framework/web/CController.php(291): CFilterChain->run()
#24 /opt/lampp/htdocs/Project/yii/framework/web/CController.php(265): CController->runActionWithFilters(Object(CInlineAction), Array)
#25 /opt/lampp/htdocs/Project/yii/framework/web/CWebApplication.php(282): CController->run('')
#26 /opt/lampp/htdocs/Project/yii/framework/web/CWebApplication.php(141): CWebApplication->runController('actividad')
#27 /opt/lampp/htdocs/Project/yii/framework/base/CApplication.php(180): CWebApplication->processRequest()
#28 /opt/lampp/htdocs/Project/index.php(13): CApplication->run()
#29 {main}
REQUEST_URI=/Project/index.php/actividad
---
2014/10/07 23:13:28 [error] [exception.CException] exception 'CException' with message 'Property "Categoria.DESCRIPCION_CATEGORIA" is not defined.' in /opt/lampp/htdocs/Project/yii/framework/base/CComponent.php:130
Stack trace:
#0 /opt/lampp/htdocs/Project/yii/framework/db/ar/CActiveRecord.php(145): CComponent->__get('DESCRIPCION_CAT...')
#1 /opt/lampp/htdocs/Project/protected/views/categoria/_view.php(21): CActiveRecord->__get('DESCRIPCION_CAT...')
#2 /opt/lampp/htdocs/Project/yii/framework/web/CBaseController.php(130): require('/opt/lampp/htdo...')
#3 /opt/lampp/htdocs/Project/yii/framework/web/CBaseController.php(95): CBaseController->renderInternal('/opt/lampp/htdo...', Array, false)
#4 /opt/lampp/htdocs/Project/yii/framework/zii/widgets/CListView.php(291): CBaseController->renderFile('/opt/lampp/htdo...', Array)
#5 /opt/lampp/htdocs/Project/yii/framework/zii/widgets/CBaseListView.php(167): CListView->renderItems()
#6 [internal function]: CBaseListView->renderSection(Array)
#7 /opt/lampp/htdocs/Project/yii/framework/zii/widgets/CBaseListView.php(150): preg_replace_callback('/{(\\w+)}/', Array, '{summary}\n{sort...')
#8 /opt/lampp/htdocs/Project/yii/framework/zii/widgets/CBaseListView.php(135): CBaseListView->renderContent()
#9 /opt/lampp/htdocs/Project/yii/framework/web/CBaseController.php(173): CBaseListView->run()
#10 /opt/lampp/htdocs/Project/protected/views/categoria/index.php(20): CBaseController->widget('zii.widgets.CLi...', Array)
#11 /opt/lampp/htdocs/Project/yii/framework/web/CBaseController.php(126): require('/opt/lampp/htdo...')
#12 /opt/lampp/htdocs/Project/yii/framework/web/CBaseController.php(95): CBaseController->renderInternal('/opt/lampp/htdo...', Array, true)
#13 /opt/lampp/htdocs/Project/yii/framework/web/CController.php(869): CBaseController->renderFile('/opt/lampp/htdo...', Array, true)
#14 /opt/lampp/htdocs/Project/yii/framework/web/CController.php(782): CController->renderPartial('index', Array, true)
#15 /opt/lampp/htdocs/Project/protected/controllers/CategoriaController.php(132): CController->render('index', Array)
#16 /opt/lampp/htdocs/Project/yii/framework/web/actions/CInlineAction.php(49): CategoriaController->actionIndex()
#17 /opt/lampp/htdocs/Project/yii/framework/web/CController.php(308): CInlineAction->runWithParams(Array)
#18 /opt/lampp/htdocs/Project/yii/framework/web/filters/CFilterChain.php(133): CController->runAction(Object(CInlineAction))
#19 /opt/lampp/htdocs/Project/yii/framework/web/filters/CFilter.php(40): CFilterChain->run()
#20 /opt/lampp/htdocs/Project/yii/framework/web/CController.php(1145): CFilter->filter(Object(CFilterChain))
#21 /opt/lampp/htdocs/Project/yii/framework/web/filters/CInlineFilter.php(58): CController->filterAccessControl(Object(CFilterChain))
#22 /opt/lampp/htdocs/Project/yii/framework/web/filters/CFilterChain.php(130): CInlineFilter->filter(Object(CFilterChain))
#23 /opt/lampp/htdocs/Project/yii/framework/web/CController.php(291): CFilterChain->run()
#24 /opt/lampp/htdocs/Project/yii/framework/web/CController.php(265): CController->runActionWithFilters(Object(CInlineAction), Array)
#25 /opt/lampp/htdocs/Project/yii/framework/web/CWebApplication.php(282): CController->run('')
#26 /opt/lampp/htdocs/Project/yii/framework/web/CWebApplication.php(141): CWebApplication->runController('categoria')
#27 /opt/lampp/htdocs/Project/yii/framework/base/CApplication.php(180): CWebApplication->processRequest()
#28 /opt/lampp/htdocs/Project/index.php(13): CApplication->run()
#29 {main}
REQUEST_URI=/Project/index.php/categoria
---
2014/10/07 23:13:41 [error] [exception.CException] exception 'CException' with message 'Property "Categoria.DESCRIPCION_CATEGORIA" is not defined.' in /opt/lampp/htdocs/Project/yii/framework/base/CComponent.php:130
Stack trace:
#0 /opt/lampp/htdocs/Project/yii/framework/db/ar/CActiveRecord.php(145): CComponent->__get('DESCRIPCION_CAT...')
#1 /opt/lampp/htdocs/Project/yii/framework/web/helpers/CHtml.php(2529): CActiveRecord->__get('DESCRIPCION_CAT...')
#2 /opt/lampp/htdocs/Project/yii/framework/web/helpers/CHtml.php(2252): CHtml::resolveValue(Object(Categoria), 'DESCRIPCION_CAT...')
#3 /opt/lampp/htdocs/Project/yii/framework/web/helpers/CHtml.php(1434): CHtml::activeInputField('text', Object(Categoria), 'DESCRIPCION_CAT...', Array)
#4 /opt/lampp/htdocs/Project/yii/framework/web/widgets/CActiveForm.php(725): CHtml::activeTextField(Object(Categoria), 'DESCRIPCION_CAT...', Array)
#5 /opt/lampp/htdocs/Project/protected/views/categoria/_form.php(30): CActiveForm->textField(Object(Categoria), 'DESCRIPCION_CAT...', Array)
#6 /opt/lampp/htdocs/Project/yii/framework/web/CBaseController.php(126): require('/opt/lampp/htdo...')
#7 /opt/lampp/htdocs/Project/yii/framework/web/CBaseController.php(95): CBaseController->renderInternal('/opt/lampp/htdo...', Array, true)
#8 /opt/lampp/htdocs/Project/yii/framework/web/CController.php(869): CBaseController->renderFile('/opt/lampp/htdo...', Array, true)
#9 /opt/lampp/htdocs/Project/protected/views/categoria/create.php(18): CController->renderPartial('_form', Array)
#10 /opt/lampp/htdocs/Project/yii/framework/web/CBaseController.php(126): require('/opt/lampp/htdo...')
#11 /opt/lampp/htdocs/Project/yii/framework/web/CBaseController.php(95): CBaseController->renderInternal('/opt/lampp/htdo...', Array, true)
#12 /opt/lampp/htdocs/Project/yii/framework/web/CController.php(869): CBaseController->renderFile('/opt/lampp/htdo...', Array, true)
#13 /opt/lampp/htdocs/Project/yii/framework/web/CController.php(782): CController->renderPartial('create', Array, true)
#14 /opt/lampp/htdocs/Project/protected/controllers/CategoriaController.php(81): CController->render('create', Array)
#15 /opt/lampp/htdocs/Project/yii/framework/web/actions/CInlineAction.php(49): CategoriaController->actionCreate()
#16 /opt/lampp/htdocs/Project/yii/framework/web/CController.php(308): CInlineAction->runWithParams(Array)
#17 /opt/lampp/htdocs/Project/yii/framework/web/filters/CFilterChain.php(133): CController->runAction(Object(CInlineAction))
#18 /opt/lampp/htdocs/Project/yii/framework/web/filters/CFilter.php(40): CFilterChain->run()
#19 /opt/lampp/htdocs/Project/yii/framework/web/CController.php(1145): CFilter->filter(Object(CFilterChain))
#20 /opt/lampp/htdocs/Project/yii/framework/web/filters/CInlineFilter.php(58): CController->filterAccessControl(Object(CFilterChain))
#21 /opt/lampp/htdocs/Project/yii/framework/web/filters/CFilterChain.php(130): CInlineFilter->filter(Object(CFilterChain))
#22 /opt/lampp/htdocs/Project/yii/framework/web/CController.php(291): CFilterChain->run()
#23 /opt/lampp/htdocs/Project/yii/framework/web/CController.php(265): CController->runActionWithFilters(Object(CInlineAction), Array)
#24 /opt/lampp/htdocs/Project/yii/framework/web/CWebApplication.php(282): CController->run('create')
#25 /opt/lampp/htdocs/Project/yii/framework/web/CWebApplication.php(141): CWebApplication->runController('categoria/creat...')
#26 /opt/lampp/htdocs/Project/yii/framework/base/CApplication.php(180): CWebApplication->processRequest()
#27 /opt/lampp/htdocs/Project/index.php(13): CApplication->run()
#28 {main}
REQUEST_URI=/Project/index.php/categoria/create
HTTP_REFERER=http://localhost/Project/index.php/site/login
---
2014/10/07 23:16:48 [error] [exception.CException] exception 'CException' with message 'Property "Categoria.DESCRIPCION_CATEGORIA" is not defined.' in /opt/lampp/htdocs/Project/yii/framework/base/CComponent.php:130
Stack trace:
#0 /opt/lampp/htdocs/Project/yii/framework/db/ar/CActiveRecord.php(145): CComponent->__get('DESCRIPCION_CAT...')
#1 /opt/lampp/htdocs/Project/yii/framework/web/helpers/CHtml.php(2529): CActiveRecord->__get('DESCRIPCION_CAT...')
#2 /opt/lampp/htdocs/Project/yii/framework/web/helpers/CHtml.php(2252): CHtml::resolveValue(Object(Categoria), 'DESCRIPCION_CAT...')
#3 /opt/lampp/htdocs/Project/yii/framework/web/helpers/CHtml.php(1434): CHtml::activeInputField('text', Object(Categoria), 'DESCRIPCION_CAT...', Array)
#4 /opt/lampp/htdocs/Project/yii/framework/web/widgets/CActiveForm.php(725): CHtml::activeTextField(Object(Categoria), 'DESCRIPCION_CAT...', Array)
#5 /opt/lampp/htdocs/Project/protected/views/categoria/_form.php(30): CActiveForm->textField(Object(Categoria), 'DESCRIPCION_CAT...', Array)
#6 /opt/lampp/htdocs/Project/yii/framework/web/CBaseController.php(126): require('/opt/lampp/htdo...')
#7 /opt/lampp/htdocs/Project/yii/framework/web/CBaseController.php(95): CBaseController->renderInternal('/opt/lampp/htdo...', Array, true)
#8 /opt/lampp/htdocs/Project/yii/framework/web/CController.php(869): CBaseController->renderFile('/opt/lampp/htdo...', Array, true)
#9 /opt/lampp/htdocs/Project/protected/views/categoria/create.php(18): CController->renderPartial('_form', Array)
#10 /opt/lampp/htdocs/Project/yii/framework/web/CBaseController.php(126): require('/opt/lampp/htdo...')
#11 /opt/lampp/htdocs/Project/yii/framework/web/CBaseController.php(95): CBaseController->renderInternal('/opt/lampp/htdo...', Array, true)
#12 /opt/lampp/htdocs/Project/yii/framework/web/CController.php(869): CBaseController->renderFile('/opt/lampp/htdo...', Array, true)
#13 /opt/lampp/htdocs/Project/yii/framework/web/CController.php(782): CController->renderPartial('create', Array, true)
#14 /opt/lampp/htdocs/Project/protected/controllers/CategoriaController.php(81): CController->render('create', Array)
#15 /opt/lampp/htdocs/Project/yii/framework/web/actions/CInlineAction.php(49): CategoriaController->actionCreate()
#16 /opt/lampp/htdocs/Project/yii/framework/web/CController.php(308): CInlineAction->runWithParams(Array)
#17 /opt/lampp/htdocs/Project/yii/framework/web/filters/CFilterChain.php(133): CController->runAction(Object(CInlineAction))
#18 /opt/lampp/htdocs/Project/yii/framework/web/filters/CFilter.php(40): CFilterChain->run()
#19 /opt/lampp/htdocs/Project/yii/framework/web/CController.php(1145): CFilter->filter(Object(CFilterChain))
#20 /opt/lampp/htdocs/Project/yii/framework/web/filters/CInlineFilter.php(58): CController->filterAccessControl(Object(CFilterChain))
#21 /opt/lampp/htdocs/Project/yii/framework/web/filters/CFilterChain.php(130): CInlineFilter->filter(Object(CFilterChain))
#22 /opt/lampp/htdocs/Project/yii/framework/web/CController.php(291): CFilterChain->run()
#23 /opt/lampp/htdocs/Project/yii/framework/web/CController.php(265): CController->runActionWithFilters(Object(CInlineAction), Array)
#24 /opt/lampp/htdocs/Project/yii/framework/web/CWebApplication.php(282): CController->run('create')
#25 /opt/lampp/htdocs/Project/yii/framework/web/CWebApplication.php(141): CWebApplication->runController('categoria/creat...')
#26 /opt/lampp/htdocs/Project/yii/framework/base/CApplication.php(180): CWebApplication->processRequest()
#27 /opt/lampp/htdocs/Project/index.php(13): CApplication->run()
#28 {main}
REQUEST_URI=/Project/index.php/categoria/create
HTTP_REFERER=http://localhost/Project/index.php/site/login
---
2014/10/07 23:16:51 [error] [exception.CException] exception 'CException' with message 'Property "Categoria.DESCRIPCION_CATEGORIA" is not defined.' in /opt/lampp/htdocs/Project/yii/framework/base/CComponent.php:130
Stack trace:
#0 /opt/lampp/htdocs/Project/yii/framework/db/ar/CActiveRecord.php(145): CComponent->__get('DESCRIPCION_CAT...')
#1 /opt/lampp/htdocs/Project/protected/views/categoria/_view.php(21): CActiveRecord->__get('DESCRIPCION_CAT...')
#2 /opt/lampp/htdocs/Project/yii/framework/web/CBaseController.php(130): require('/opt/lampp/htdo...')
#3 /opt/lampp/htdocs/Project/yii/framework/web/CBaseController.php(95): CBaseController->renderInternal('/opt/lampp/htdo...', Array, false)
#4 /opt/lampp/htdocs/Project/yii/framework/zii/widgets/CListView.php(291): CBaseController->renderFile('/opt/lampp/htdo...', Array)
#5 /opt/lampp/htdocs/Project/yii/framework/zii/widgets/CBaseListView.php(167): CListView->renderItems()
#6 [internal function]: CBaseListView->renderSection(Array)
#7 /opt/lampp/htdocs/Project/yii/framework/zii/widgets/CBaseListView.php(150): preg_replace_callback('/{(\\w+)}/', Array, '{summary}\n{sort...')
#8 /opt/lampp/htdocs/Project/yii/framework/zii/widgets/CBaseListView.php(135): CBaseListView->renderContent()
#9 /opt/lampp/htdocs/Project/yii/framework/web/CBaseController.php(173): CBaseListView->run()
#10 /opt/lampp/htdocs/Project/protected/views/categoria/index.php(20): CBaseController->widget('zii.widgets.CLi...', Array)
#11 /opt/lampp/htdocs/Project/yii/framework/web/CBaseController.php(126): require('/opt/lampp/htdo...')
#12 /opt/lampp/htdocs/Project/yii/framework/web/CBaseController.php(95): CBaseController->renderInternal('/opt/lampp/htdo...', Array, true)
#13 /opt/lampp/htdocs/Project/yii/framework/web/CController.php(869): CBaseController->renderFile('/opt/lampp/htdo...', Array, true)
#14 /opt/lampp/htdocs/Project/yii/framework/web/CController.php(782): CController->renderPartial('index', Array, true)
#15 /opt/lampp/htdocs/Project/protected/controllers/CategoriaController.php(132): CController->render('index', Array)
#16 /opt/lampp/htdocs/Project/yii/framework/web/actions/CInlineAction.php(49): CategoriaController->actionIndex()
#17 /opt/lampp/htdocs/Project/yii/framework/web/CController.php(308): CInlineAction->runWithParams(Array)
#18 /opt/lampp/htdocs/Project/yii/framework/web/filters/CFilterChain.php(133): CController->runAction(Object(CInlineAction))
#19 /opt/lampp/htdocs/Project/yii/framework/web/filters/CFilter.php(40): CFilterChain->run()
#20 /opt/lampp/htdocs/Project/yii/framework/web/CController.php(1145): CFilter->filter(Object(CFilterChain))
#21 /opt/lampp/htdocs/Project/yii/framework/web/filters/CInlineFilter.php(58): CController->filterAccessControl(Object(CFilterChain))
#22 /opt/lampp/htdocs/Project/yii/framework/web/filters/CFilterChain.php(130): CInlineFilter->filter(Object(CFilterChain))
#23 /opt/lampp/htdocs/Project/yii/framework/web/CController.php(291): CFilterChain->run()
#24 /opt/lampp/htdocs/Project/yii/framework/web/CController.php(265): CController->runActionWithFilters(Object(CInlineAction), Array)
#25 /opt/lampp/htdocs/Project/yii/framework/web/CWebApplication.php(282): CController->run('')
#26 /opt/lampp/htdocs/Project/yii/framework/web/CWebApplication.php(141): CWebApplication->runController('categoria')
#27 /opt/lampp/htdocs/Project/yii/framework/base/CApplication.php(180): CWebApplication->processRequest()
#28 /opt/lampp/htdocs/Project/index.php(13): CApplication->run()
#29 {main}
REQUEST_URI=/Project/index.php/categoria/
---
2014/10/07 23:17:51 [error] [exception.CException] exception 'CException' with message 'Property "Actividad.DESCRIPCION_ACTIVIDAD" is not defined.' in /opt/lampp/htdocs/Project/yii/framework/base/CComponent.php:130
Stack trace:
#0 /opt/lampp/htdocs/Project/yii/framework/db/ar/CActiveRecord.php(145): CComponent->__get('DESCRIPCION_ACT...')
#1 /opt/lampp/htdocs/Project/protected/views/actividad/_view.php(25): CActiveRecord->__get('DESCRIPCION_ACT...')
#2 /opt/lampp/htdocs/Project/yii/framework/web/CBaseController.php(130): require('/opt/lampp/htdo...')
#3 /opt/lampp/htdocs/Project/yii/framework/web/CBaseController.php(95): CBaseController->renderInternal('/opt/lampp/htdo...', Array, false)
#4 /opt/lampp/htdocs/Project/yii/framework/zii/widgets/CListView.php(291): CBaseController->renderFile('/opt/lampp/htdo...', Array)
#5 /opt/lampp/htdocs/Project/yii/framework/zii/widgets/CBaseListView.php(167): CListView->renderItems()
#6 [internal function]: CBaseListView->renderSection(Array)
#7 /opt/lampp/htdocs/Project/yii/framework/zii/widgets/CBaseListView.php(150): preg_replace_callback('/{(\\w+)}/', Array, '{summary}\n{sort...')
#8 /opt/lampp/htdocs/Project/yii/framework/zii/widgets/CBaseListView.php(135): CBaseListView->renderContent()
#9 /opt/lampp/htdocs/Project/yii/framework/web/CBaseController.php(173): CBaseListView->run()
#10 /opt/lampp/htdocs/Project/protected/views/actividad/index.php(20): CBaseController->widget('zii.widgets.CLi...', Array)
#11 /opt/lampp/htdocs/Project/yii/framework/web/CBaseController.php(126): require('/opt/lampp/htdo...')
#12 /opt/lampp/htdocs/Project/yii/framework/web/CBaseController.php(95): CBaseController->renderInternal('/opt/lampp/htdo...', Array, true)
#13 /opt/lampp/htdocs/Project/yii/framework/web/CController.php(869): CBaseController->renderFile('/opt/lampp/htdo...', Array, true)
#14 /opt/lampp/htdocs/Project/yii/framework/web/CController.php(782): CController->renderPartial('index', Array, true)
#15 /opt/lampp/htdocs/Project/protected/controllers/ActividadController.php(132): CController->render('index', Array)
#16 /opt/lampp/htdocs/Project/yii/framework/web/actions/CInlineAction.php(49): ActividadController->actionIndex()
#17 /opt/lampp/htdocs/Project/yii/framework/web/CController.php(308): CInlineAction->runWithParams(Array)
#18 /opt/lampp/htdocs/Project/yii/framework/web/filters/CFilterChain.php(133): CController->runAction(Object(CInlineAction))
#19 /opt/lampp/htdocs/Project/yii/framework/web/filters/CFilter.php(40): CFilterChain->run()
#20 /opt/lampp/htdocs/Project/yii/framework/web/CController.php(1145): CFilter->filter(Object(CFilterChain))
#21 /opt/lampp/htdocs/Project/yii/framework/web/filters/CInlineFilter.php(58): CController->filterAccessControl(Object(CFilterChain))
#22 /opt/lampp/htdocs/Project/yii/framework/web/filters/CFilterChain.php(130): CInlineFilter->filter(Object(CFilterChain))
#23 /opt/lampp/htdocs/Project/yii/framework/web/CController.php(291): CFilterChain->run()
#24 /opt/lampp/htdocs/Project/yii/framework/web/CController.php(265): CController->runActionWithFilters(Object(CInlineAction), Array)
#25 /opt/lampp/htdocs/Project/yii/framework/web/CWebApplication.php(282): CController->run('')
#26 /opt/lampp/htdocs/Project/yii/framework/web/CWebApplication.php(141): CWebApplication->runController('actividad')
#27 /opt/lampp/htdocs/Project/yii/framework/base/CApplication.php(180): CWebApplication->processRequest()
#28 /opt/lampp/htdocs/Project/index.php(13): CApplication->run()
#29 {main}
REQUEST_URI=/Project/index.php/actividad
---
2014/10/07 23:20:08 [error] [exception.CException] exception 'CException' with message 'Property "Actividad.DESCRIPCION_ACTIVIDAD" is not defined.' in /opt/lampp/htdocs/Project/yii/framework/base/CComponent.php:130
Stack trace:
#0 /opt/lampp/htdocs/Project/yii/framework/db/ar/CActiveRecord.php(145): CComponent->__get('DESCRIPCION_ACT...')
#1 /opt/lampp/htdocs/Project/yii/framework/web/helpers/CHtml.php(2529): CActiveRecord->__get('DESCRIPCION_ACT...')
#2 /opt/lampp/htdocs/Project/yii/framework/web/helpers/CHtml.php(2252): CHtml::resolveValue(Object(Actividad), 'DESCRIPCION_ACT...')
#3 /opt/lampp/htdocs/Project/yii/framework/web/helpers/CHtml.php(1434): CHtml::activeInputField('text', Object(Actividad), 'DESCRIPCION_ACT...', Array)
#4 /opt/lampp/htdocs/Project/yii/framework/web/widgets/CActiveForm.php(725): CHtml::activeTextField(Object(Actividad), 'DESCRIPCION_ACT...', Array)
#5 /opt/lampp/htdocs/Project/protected/views/actividad/_form.php(47): CActiveForm->textField(Object(Actividad), 'DESCRIPCION_ACT...', Array)
#6 /opt/lampp/htdocs/Project/yii/framework/web/CBaseController.php(126): require('/opt/lampp/htdo...')
#7 /opt/lampp/htdocs/Project/yii/framework/web/CBaseController.php(95): CBaseController->renderInternal('/opt/lampp/htdo...', Array, true)
#8 /opt/lampp/htdocs/Project/yii/framework/web/CController.php(869): CBaseController->renderFile('/opt/lampp/htdo...', Array, true)
#9 /opt/lampp/htdocs/Project/protected/views/actividad/create.php(18): CController->renderPartial('_form', Array)
#10 /opt/lampp/htdocs/Project/yii/framework/web/CBaseController.php(126): require('/opt/lampp/htdo...')
#11 /opt/lampp/htdocs/Project/yii/framework/web/CBaseController.php(95): CBaseController->renderInternal('/opt/lampp/htdo...', Array, true)
#12 /opt/lampp/htdocs/Project/yii/framework/web/CController.php(869): CBaseController->renderFile('/opt/lampp/htdo...', Array, true)
#13 /opt/lampp/htdocs/Project/yii/framework/web/CController.php(782): CController->renderPartial('create', Array, true)
#14 /opt/lampp/htdocs/Project/protected/controllers/ActividadController.php(81): CController->render('create', Array)
#15 /opt/lampp/htdocs/Project/yii/framework/web/actions/CInlineAction.php(49): ActividadController->actionCreate()
#16 /opt/lampp/htdocs/Project/yii/framework/web/CController.php(308): CInlineAction->runWithParams(Array)
#17 /opt/lampp/htdocs/Project/yii/framework/web/filters/CFilterChain.php(133): CController->runAction(Object(CInlineAction))
#18 /opt/lampp/htdocs/Project/yii/framework/web/filters/CFilter.php(40): CFilterChain->run()
#19 /opt/lampp/htdocs/Project/yii/framework/web/CController.php(1145): CFilter->filter(Object(CFilterChain))
#20 /opt/lampp/htdocs/Project/yii/framework/web/filters/CInlineFilter.php(58): CController->filterAccessControl(Object(CFilterChain))
#21 /opt/lampp/htdocs/Project/yii/framework/web/filters/CFilterChain.php(130): CInlineFilter->filter(Object(CFilterChain))
#22 /opt/lampp/htdocs/Project/yii/framework/web/CController.php(291): CFilterChain->run()
#23 /opt/lampp/htdocs/Project/yii/framework/web/CController.php(265): CController->runActionWithFilters(Object(CInlineAction), Array)
#24 /opt/lampp/htdocs/Project/yii/framework/web/CWebApplication.php(282): CController->run('create')
#25 /opt/lampp/htdocs/Project/yii/framework/web/CWebApplication.php(141): CWebApplication->runController('actividad/creat...')
#26 /opt/lampp/htdocs/Project/yii/framework/base/CApplication.php(180): CWebApplication->processRequest()
#27 /opt/lampp/htdocs/Project/index.php(13): CApplication->run()
#28 {main}
REQUEST_URI=/Project/index.php/actividad/create
HTTP_REFERER=http://localhost/Project/index.php/actividad/index
---
2014/10/07 23:37:45 [error] [exception.CException] exception 'CException' with message 'Property "Categoria.DESCRIPCION_CATEGORIA" is not defined.' in /opt/lampp/htdocs/Project/yii/framework/base/CComponent.php:130
Stack trace:
#0 /opt/lampp/htdocs/Project/yii/framework/db/ar/CActiveRecord.php(145): CComponent->__get('DESCRIPCION_CAT...')
#1 /opt/lampp/htdocs/Project/yii/framework/web/helpers/CHtml.php(2529): CActiveRecord->__get('DESCRIPCION_CAT...')
#2 /opt/lampp/htdocs/Project/yii/framework/web/helpers/CHtml.php(2252): CHtml::resolveValue(Object(Categoria), 'DESCRIPCION_CAT...')
#3 /opt/lampp/htdocs/Project/yii/framework/web/helpers/CHtml.php(1434): CHtml::activeInputField('text', Object(Categoria), 'DESCRIPCION_CAT...', Array)
#4 /opt/lampp/htdocs/Project/yii/framework/web/widgets/CActiveForm.php(725): CHtml::activeTextField(Object(Categoria), 'DESCRIPCION_CAT...', Array)
#5 /opt/lampp/htdocs/Project/protected/views/categoria/_form.php(30): CActiveForm->textField(Object(Categoria), 'DESCRIPCION_CAT...', Array)
#6 /opt/lampp/htdocs/Project/yii/framework/web/CBaseController.php(126): require('/opt/lampp/htdo...')
#7 /opt/lampp/htdocs/Project/yii/framework/web/CBaseController.php(95): CBaseController->renderInternal('/opt/lampp/htdo...', Array, true)
#8 /opt/lampp/htdocs/Project/yii/framework/web/CController.php(869): CBaseController->renderFile('/opt/lampp/htdo...', Array, true)
#9 /opt/lampp/htdocs/Project/protected/views/categoria/create.php(18): CController->renderPartial('_form', Array)
#10 /opt/lampp/htdocs/Project/yii/framework/web/CBaseController.php(126): require('/opt/lampp/htdo...')
#11 /opt/lampp/htdocs/Project/yii/framework/web/CBaseController.php(95): CBaseController->renderInternal('/opt/lampp/htdo...', Array, true)
#12 /opt/lampp/htdocs/Project/yii/framework/web/CController.php(869): CBaseController->renderFile('/opt/lampp/htdo...', Array, true)
#13 /opt/lampp/htdocs/Project/yii/framework/web/CController.php(782): CController->renderPartial('create', Array, true)
#14 /opt/lampp/htdocs/Project/protected/controllers/CategoriaController.php(81): CController->render('create', Array)
#15 /opt/lampp/htdocs/Project/yii/framework/web/actions/CInlineAction.php(49): CategoriaController->actionCreate()
#16 /opt/lampp/htdocs/Project/yii/framework/web/CController.php(308): CInlineAction->runWithParams(Array)
#17 /opt/lampp/htdocs/Project/yii/framework/web/filters/CFilterChain.php(133): CController->runAction(Object(CInlineAction))
#18 /opt/lampp/htdocs/Project/yii/framework/web/filters/CFilter.php(40): CFilterChain->run()
#19 /opt/lampp/htdocs/Project/yii/framework/web/CController.php(1145): CFilter->filter(Object(CFilterChain))
#20 /opt/lampp/htdocs/Project/yii/framework/web/filters/CInlineFilter.php(58): CController->filterAccessControl(Object(CFilterChain))
#21 /opt/lampp/htdocs/Project/yii/framework/web/filters/CFilterChain.php(130): CInlineFilter->filter(Object(CFilterChain))
#22 /opt/lampp/htdocs/Project/yii/framework/web/CController.php(291): CFilterChain->run()
#23 /opt/lampp/htdocs/Project/yii/framework/web/CController.php(265): CController->runActionWithFilters(Object(CInlineAction), Array)
#24 /opt/lampp/htdocs/Project/yii/framework/web/CWebApplication.php(282): CController->run('create')
#25 /opt/lampp/htdocs/Project/yii/framework/web/CWebApplication.php(141): CWebApplication->runController('categoria/creat...')
#26 /opt/lampp/htdocs/Project/yii/framework/base/CApplication.php(180): CWebApplication->processRequest()
#27 /opt/lampp/htdocs/Project/index.php(13): CApplication->run()
#28 {main}
REQUEST_URI=/Project/index.php/categoria/create
HTTP_REFERER=http://localhost/Project/
---
2014/10/07 23:41:27 [error] [php] Object of class CDbConnection could not be converted to string (/opt/lampp/htdocs/Project/protected/views/site/index.php:15)
Stack trace:
#0 /opt/lampp/htdocs/Project/yii/framework/web/CController.php(869): SiteController->renderFile()
#1 /opt/lampp/htdocs/Project/yii/framework/web/CController.php(782): SiteController->renderPartial()
#2 /opt/lampp/htdocs/Project/protected/controllers/SiteController.php(32): SiteController->render()
#3 /opt/lampp/htdocs/Project/yii/framework/web/actions/CInlineAction.php(49): SiteController->actionIndex()
#4 /opt/lampp/htdocs/Project/yii/framework/web/CController.php(308): CInlineAction->runWithParams()
#5 /opt/lampp/htdocs/Project/yii/framework/web/CController.php(286): SiteController->runAction()
#6 /opt/lampp/htdocs/Project/yii/framework/web/CController.php(265): SiteController->runActionWithFilters()
#7 /opt/lampp/htdocs/Project/yii/framework/web/CWebApplication.php(282): SiteController->run()
#8 /opt/lampp/htdocs/Project/yii/framework/web/CWebApplication.php(141): CWebApplication->runController()
#9 /opt/lampp/htdocs/Project/yii/framework/base/CApplication.php(180): CWebApplication->processRequest()
#10 /opt/lampp/htdocs/Project/index.php(13): CWebApplication->run()
REQUEST_URI=/Project/
in /opt/lampp/htdocs/Project/protected/views/site/index.php (15)
in /opt/lampp/htdocs/Project/protected/controllers/SiteController.php (32)
in /opt/lampp/htdocs/Project/index.php (13)
2014/10/07 23:42:06 [error] [php] Object of class SiteController could not be converted to string (/opt/lampp/htdocs/Project/protected/views/site/index.php:15)
Stack trace:
#0 /opt/lampp/htdocs/Project/yii/framework/web/CController.php(869): SiteController->renderFile()
#1 /opt/lampp/htdocs/Project/yii/framework/web/CController.php(782): SiteController->renderPartial()
#2 /opt/lampp/htdocs/Project/protected/controllers/SiteController.php(32): SiteController->render()
#3 /opt/lampp/htdocs/Project/yii/framework/web/actions/CInlineAction.php(49): SiteController->actionIndex()
#4 /opt/lampp/htdocs/Project/yii/framework/web/CController.php(308): CInlineAction->runWithParams()
#5 /opt/lampp/htdocs/Project/yii/framework/web/CController.php(286): SiteController->runAction()
#6 /opt/lampp/htdocs/Project/yii/framework/web/CController.php(265): SiteController->runActionWithFilters()
#7 /opt/lampp/htdocs/Project/yii/framework/web/CWebApplication.php(282): SiteController->run()
#8 /opt/lampp/htdocs/Project/yii/framework/web/CWebApplication.php(141): CWebApplication->runController()
#9 /opt/lampp/htdocs/Project/yii/framework/base/CApplication.php(180): CWebApplication->processRequest()
#10 /opt/lampp/htdocs/Project/index.php(13): CWebApplication->run()
REQUEST_URI=/Project/
in /opt/lampp/htdocs/Project/protected/views/site/index.php (15)
in /opt/lampp/htdocs/Project/protected/controllers/SiteController.php (32)
in /opt/lampp/htdocs/Project/index.php (13)
